\BOOKMARK [0][-]{chapter*.1}{\376\377\000C\000o\000n\000t\000e\000n\000t\000s}{}% 1
\BOOKMARK [0][-]{chapter.0.1}{\376\377\000.\0001\000\040\000z\000i\000p\000\040\000r\000a\000r}{}% 2
\BOOKMARK [0][-]{chapter.0.2}{\376\377\000.\0002\000\040\000l\000i\000n\000u\000x\124\175\116\344}{}% 3
\BOOKMARK [1][-]{section.0.2.1}{\376\377\0001\000\040\145\207\116\366\124\175\116\344}{chapter.0.2}% 4
\BOOKMARK [1][-]{section.0.2.2}{\376\377\0002\000\040\000C\000+\000+\177\026\213\321\126\150}{chapter.0.2}% 5
\BOOKMARK [2][-]{subsection.0.2.2.1}{\376\377\0002\000.\0001\000\040\000g\000+\000+\136\070\165\050\124\175\116\344\220\011\230\171}{section.0.2.2}% 6
\BOOKMARK [0][-]{chapter.0.3}{\376\377\000.\0003\000\040\000v\000i\177\026\217\221\126\150}{}% 7
\BOOKMARK [1][-]{section.0.3.1}{\376\377\0001\000\040\000v\000i\000m\221\115\177\156}{chapter.0.3}% 8
\BOOKMARK [1][-]{section.0.3.2}{\376\377\0002\000\040\000v\000i\177\026\217\221\126\150}{chapter.0.3}% 9
\BOOKMARK [0][-]{chapter.0.4}{\376\377\000.\0004\000\040\000g\000+\000+\177\026\213\321\126\150}{}% 10
\BOOKMARK [0][-]{chapter.0.5}{\376\377\000.\0005\000\040\000g\000d\000b}{}% 11
\BOOKMARK [1][-]{section.0.5.1}{\376\377\0001\000\040\000t\000u\000i}{chapter.0.5}% 12
\BOOKMARK [2][-]{subsection.0.5.1.1}{\376\377\0001\000.\0001\000\040\000d\000i\000s\000p\000l\000a\000y}{section.0.5.1}% 13
\BOOKMARK [2][-]{subsection.0.5.1.2}{\376\377\0001\000.\0002\000\040\000i\000n\000f\000o}{section.0.5.1}% 14
\BOOKMARK [2][-]{subsection.0.5.1.3}{\376\377\0001\000.\0003\000\040\000s}{section.0.5.1}% 15
\BOOKMARK [2][-]{subsection.0.5.1.4}{\376\377\0001\000.\0004\000\040\000p}{section.0.5.1}% 16
\BOOKMARK [2][-]{subsection.0.5.1.5}{\376\377\0001\000.\0005\000\040\000b\000t}{section.0.5.1}% 17
\BOOKMARK [2][-]{subsection.0.5.1.6}{\376\377\0001\000.\0006\000\040\000c}{section.0.5.1}% 18
\BOOKMARK [1][-]{section.0.5.2}{\376\377\0002\000\040\215\363\217\154\122\060\173\054\121\340\210\114}{chapter.0.5}% 19
\BOOKMARK [0][-]{chapter.0.6}{\376\377\000.\0006\000\040\000g\000+\000+}{}% 20
\BOOKMARK [1][-]{section.0.6.1}{\376\377\0001\000\040\000g\000+\000+}{chapter.0.6}% 21
